\BOOKMARK [1][]{section*.1}{\376\377\000E\000d\000u\000c\000a\000t\000i\000o\000n}{}% 1
\BOOKMARK [1][]{section*.2}{\376\377\000R\000e\000s\000e\000a\000r\000c\000h\000\040\000I\000n\000t\000e\000r\000e\000s\000t}{}% 2
\BOOKMARK [1][]{section*.3}{\376\377\000S\000k\000i\000l\000l\000s}{}% 3
\BOOKMARK [1][]{section*.4}{\376\377\000P\000r\000o\000f\000e\000s\000s\000i\000o\000n\000a\000l\000\040\000E\000x\000p\000e\000r\000i\000e\000n\000c\000e}{}% 4
\BOOKMARK [2][]{section*.5}{\376\377\000P\000u\000n\000j\000a\000b\000\040\000E\000n\000g\000i\000n\000e\000e\000r\000i\000n\000g\000\040\000C\000o\000l\000l\000e\000g\000e}{section*.4}% 5
\BOOKMARK [2][]{section*.6}{\376\377\000I\000n\000d\000i\000a\000n\000\040\000I\000n\000s\000t\000i\000t\000u\000t\000e\000\040\000o\000f\000\040\000T\000e\000c\000h\000n\000o\000l\000o\000g\000y\000\040\000K\000h\000a\000r\000a\000g\000p\000u\000r}{section*.4}% 6
\BOOKMARK [1][]{section*.7}{\376\377\000R\000e\000s\000e\000a\000r\000c\000h\000\040\000E\000x\000p\000e\000r\000i\000e\000n\000c\000e}{}% 7
\BOOKMARK [2][]{section*.8}{\376\377\000I\000n\000d\000i\000a\000n\000\040\000I\000n\000s\000t\000i\000t\000u\000t\000e\000\040\000o\000f\000\040\000T\000e\000c\000h\000n\000o\000l\000o\000g\000y\000\040\000K\000h\000a\000r\000a\000g\000p\000u\000r}{section*.7}% 8
\BOOKMARK [1][]{section*.9}{\376\377\000P\000a\000t\000e\000n\000t}{}% 9
\BOOKMARK [1][]{section*.10}{\376\377\000P\000u\000b\000l\000i\000c\000a\000t\000i\000o\000n\000s}{}% 10
\BOOKMARK [2][]{section*.11}{\376\377\000J\000o\000u\000r\000n\000a\000l\000\040\000A\000r\000t\000i\000c\000l\000e\000s}{section*.10}% 11
\BOOKMARK [2][]{section*.12}{\376\377\000I\000n\000\040\000C\000o\000n\000f\000e\000r\000e\000n\000c\000e\000\040\000P\000r\000o\000c\000e\000e\000d\000i\000n\000g\000s}{section*.10}% 12
\BOOKMARK [1][]{section*.13}{\376\377\000S\000h\000o\000r\000t\000\040\000T\000e\000r\000m\000\040\000C\000o\000u\000r\000s\000e\000s\000/\000\040\000W\000e\000b\000i\000n\000a\000r\000\040\000A\000t\000t\000e\000n\000d\000e\000d}{}% 13
\BOOKMARK [2][]{section*.14}{\376\377\000N\000I\000T\000\040\000W\000a\000r\000a\000n\000g\000a\000l\000,\000\040\000D\000e\000p\000t\000.\000\040\000o\000f\000\040\000M\000e\000c\000h\000a\000n\000i\000c\000a\000l\000\040\000E\000n\000g\000i\000n\000e\000e\000r\000i\000n\000g}{section*.13}% 14
\BOOKMARK [2][]{section*.15}{\376\377\000I\000I\000T\000\040\000H\000y\000d\000e\000r\000a\000b\000a\000d\000,\000\040\000D\000e\000p\000t\000.\000\040\000o\000f\000\040\000C\000i\000v\000i\000l\000\040\000E\000n\000g\000i\000n\000e\000e\000r\000i\000n\000g}{section*.13}% 15
\BOOKMARK [1][]{section*.16}{\376\377\000A\000w\000a\000r\000d\000s\000/\000\040\000H\000o\000n\000o\000r\000s\000/\000\040\000F\000e\000l\000l\000o\000w\000s\000h\000i\000p\000s\000/\000\040\000R\000e\000c\000o\000g\000n\000i\000t\000i\000o\000n\000s\000/\000\040\000C\000o\000n\000t\000r\000i\000b\000u\000t\000i\000o\000n}{}% 16
\BOOKMARK [1][]{section*.17}{\376\377\000P\000o\000s\000i\000t\000i\000o\000n\000\040\000o\000f\000\040\000R\000e\000s\000p\000o\000n\000s\000i\000b\000i\000l\000i\000t\000y}{}% 17
\BOOKMARK [1][]{section*.18}{\376\377\000I\000n\000t\000e\000r\000n\000s\000h\000i\000p\000s\000\040\000a\000n\000d\000\040\000P\000r\000o\000j\000e\000c\000t\000s}{}% 18
\BOOKMARK [1][]{section*.19}{\376\377\000M\000e\000m\000b\000e\000r\000s\000h\000i\000p\000s}{}% 19
\BOOKMARK [1][]{section*.20}{\376\377\000E\000x\000t\000r\000a\000-\000C\000u\000r\000r\000i\000c\000u\000l\000a\000r\000\040\000A\000c\000t\000i\000v\000i\000t\000i\000e\000s}{}% 20
\BOOKMARK [1][]{section*.21}{\376\377\000R\000e\000f\000e\000r\000e\000n\000c\000e\000s}{}% 21
